starting log: 02/04/19 02:43
clean
cleannum: 0.5
in filename: rbcL.total.fasta.rename.aln.fasta
outfile: rbcL.total.fasta.rename.aln.clean.fasta
starting log: 02/04/19 03:59
clean
cleannum: 0.5
in filename: rbcL.total.fasta.rename.aln.fasta
outfile: rbcL.total.fasta.rename.aln.clean.fasta
starting log: 08/04/19 05:45
clean
cleannum: 0.5
in filename: rbcL.total.fasta.rename.aln.fasta
outfile: rbcL.total.fasta.rename.aln.clean.fasta
starting log: 08/04/19 05:49
clean
cleannum: 0.5
in filename: rbcL.total.fasta.rename.aln.fasta
outfile: rbcL.total.fasta.rename.aln.clean.fasta
starting log: 18/04/19 02:47
clean
cleannum: 0.5
in filename: rbcL.total.fasta.rename.aln.fasta
outfile: rbcL.total.fasta.rename.aln.clean.fasta
starting log: 18/04/19 02:51
clean
cleannum: 0.5
in filename: rbcL.total.fasta.rename.aln.fasta
outfile: rbcL.total.fasta.rename.aln.clean.fasta
starting log: 19/04/19 01:59
clean
cleannum: 0.5
in filename: rbcL.total.fasta.rename.aln.fasta
outfile: rbcL.total.fasta.rename.aln.clean.fasta
starting log: 19/04/19 02:35
clean
cleannum: 0.5
in filename: rbcL.total.fasta.rename.aln.fasta
outfile: rbcL.total.fasta.rename.aln.clean.fasta
starting log: 19/04/19 03:02
clean
cleannum: 0.5
in filename: rbcL.total.fasta.rename.aln.fasta
outfile: rbcL.total.fasta.rename.aln.clean.fasta
starting log: 19/04/19 06:26
clean
cleannum: 0.5
in filename: rbcL.total.fasta.rename.aln.fasta
outfile: rbcL.total.fasta.rename.aln.clean.fasta
