starting log: 04/05/16 06:43
clean
cleannum: 0.5
in filename: ITS.aln.nex
outfile: ITS.aln.nex_clean_05.aln
starting log: 04/05/16 06:43
clean
cleannum: 0.5
in filename: atpB.aln.nex
outfile: atpB.aln.nex_clean_05.aln
starting log: 04/05/16 06:43
clean
cleannum: 0.5
in filename: matK.aln.nex
outfile: matK.aln.nex_clean_05.aln
starting log: 04/05/16 06:43
clean
cleannum: 0.5
in filename: ndhF.aln.nex
outfile: ndhF.aln.nex_clean_05.aln
starting log: 04/05/16 06:43
clean
cleannum: 0.5
in filename: rbcL.aln.nex
outfile: rbcL.aln.nex_clean_05.aln
starting log: 04/05/16 06:43
clean
cleannum: 0.5
in filename: trnTLF.aln.nex
outfile: trnTLF.aln.nex_clean_05.aln
