starting log: 12/04/19 04:59
clean
cleannum: 0.5
in filename: matK.total.rem.rename.aln.fasta
outfile: matK.total.rem.rename.aln.clean.fasta
starting log: 18/04/19 02:47
clean
cleannum: 0.5
in filename: matK.total.rem.rename.aln.fasta
outfile: matK.total.rem.rename.aln.clean.fasta
starting log: 18/04/19 02:50
clean
cleannum: 0.5
in filename: matK.total.rem.rename.aln.fasta
outfile: matK.total.rem.rename.aln.clean.fasta
starting log: 19/04/19 01:59
clean
cleannum: 0.5
in filename: matK.total.rem.rename.aln.fasta
outfile: matK.total.rem.rename.aln.clean.fasta
starting log: 19/04/19 02:34
clean
cleannum: 0.5
in filename: matK.total.rem.rename.aln.fasta
outfile: matK.total.rem.rename.aln.clean.fasta
starting log: 19/04/19 03:01
clean
cleannum: 0.5
in filename: matK.total.rem.rename.aln.fasta
outfile: matK.total.rem.rename.aln.clean.fasta
starting log: 19/04/19 06:26
clean
cleannum: 0.5
in filename: matK.total.rem.rename.aln.fasta
outfile: matK.total.rem.rename.aln.clean.fasta
