starting log: 12/04/19 04:57
clean
cleannum: 0.5
in filename: ITS.total.rem.rename.aln.fasta
outfile: ITS.total.rem.rename.aln.clean.fasta
starting log: 18/04/19 02:46
clean
cleannum: 0.5
in filename: ITS.total.rem.rename.aln.fasta
outfile: ITS.total.rem.rename.aln.clean.fasta
starting log: 18/04/19 02:50
clean
cleannum: 0.5
in filename: ITS.total.rem.rename.aln.fasta
outfile: ITS.total.rem.rename.aln.clean.fasta
starting log: 19/04/19 01:59
clean
cleannum: 0.5
in filename: ITS.total.rem.rename.aln.fasta
outfile: ITS.total.rem.rename.aln.clean.fasta
starting log: 19/04/19 02:34
clean
cleannum: 0.5
in filename: ITS.total.rem.rename.aln.fasta
outfile: ITS.total.rem.rename.aln.clean.fasta
starting log: 19/04/19 03:01
clean
cleannum: 0.5
in filename: ITS.total.rem.rename.aln.fasta
outfile: ITS.total.rem.rename.aln.clean.fasta
starting log: 19/04/19 06:26
clean
cleannum: 0.5
in filename: ITS.total.rem.rename.aln.fasta
outfile: ITS.total.rem.rename.aln.clean.fasta
