starting log: 03/05/16 02:21
concat
in filename: ITS.160426.read1.fasta
in filename: ITS.160426.read2.fasta
outfile: ITS.160426.R1_R2.nex
starting log: 03/05/16 02:21
concat
in filename: atpB1.160426.read1.fasta
in filename: atpB1.160426.read2.fasta
outfile: atpB1.160426.R1_R2.nex
starting log: 03/05/16 02:21
concat
in filename: atpB2.160426.read1.fasta
in filename: atpB2.160426.read2.fasta
outfile: atpB2.160426.R1_R2.nex
starting log: 03/05/16 02:21
concat
in filename: matK1.160426.read1.fasta
in filename: matK1.160426.read2.fasta
outfile: matK1.160426.R1_R2.nex
starting log: 03/05/16 02:21
concat
in filename: matK2.160426.read1.fasta
in filename: matK2.160426.read2.fasta
outfile: matK2.160426.R1_R2.nex
starting log: 03/05/16 02:21
concat
in filename: ndhF1.160426.read1.fasta
in filename: ndhF1.160426.read2.fasta
outfile: ndhF1.160426.R1_R2.nex
starting log: 03/05/16 02:21
concat
in filename: ndhF3.160426.read1.fasta
in filename: ndhF3.160426.read2.fasta
outfile: ndhF3.160426.R1_R2.nex
starting log: 03/05/16 02:21
concat
in filename: rbcL.160426.read1.fasta
in filename: rbcL.160426.read2.fasta
outfile: rbcL.160426.R1_R2.nex
starting log: 03/05/16 02:21
concat
in filename: trn_ab.160426.read1.fasta
in filename: trn_ab.160426.read2.fasta
outfile: trn_ab.160426.R1_R2.nex
starting log: 03/05/16 02:21
concat
in filename: trn_cf.160426.read1.fasta
in filename: trn_cf.160426.read2.fasta
outfile: trn_cf.160426.R1_R2.nex
starting log: 03/05/16 02:26
concat
in filename: ITS.160426.read1.fasta
in filename: ITS.160426.read2.fasta
outfile: ITS.160426.R1_R2.nex
starting log: 03/05/16 02:26
concat
in filename: atpB1.160426.read1.fasta
in filename: atpB1.160426.read2.fasta
outfile: atpB1.160426.R1_R2.nex
starting log: 03/05/16 02:26
concat
in filename: atpB2.160426.read1.fasta
in filename: atpB2.160426.read2.fasta
outfile: atpB2.160426.R1_R2.nex
starting log: 03/05/16 02:26
concat
in filename: matK1.160426.read1.fasta
in filename: matK1.160426.read2.fasta
outfile: matK1.160426.R1_R2.nex
starting log: 03/05/16 02:26
concat
in filename: matK2.160426.read1.fasta
in filename: matK2.160426.read2.fasta
outfile: matK2.160426.R1_R2.nex
starting log: 03/05/16 02:26
concat
in filename: ndhF1.160426.read1.fasta
in filename: ndhF1.160426.read2.fasta
outfile: ndhF1.160426.R1_R2.nex
starting log: 03/05/16 02:26
concat
in filename: ndhF3.160426.read1.fasta
in filename: ndhF3.160426.read2.fasta
outfile: ndhF3.160426.R1_R2.nex
starting log: 03/05/16 02:26
concat
in filename: rbcL.160426.read1.fasta
in filename: rbcL.160426.read2.fasta
outfile: rbcL.160426.R1_R2.nex
starting log: 03/05/16 02:26
concat
in filename: trn_ab.160426.read1.fasta
in filename: trn_ab.160426.read2.fasta
outfile: trn_ab.160426.R1_R2.nex
starting log: 03/05/16 02:26
concat
in filename: trn_cf.160426.read1.fasta
in filename: trn_cf.160426.read2.fasta
outfile: trn_cf.160426.R1_R2.nex
starting log: 03/05/16 02:32
concat
in filename: ITS.160426.read1.fasta
in filename: ITS.160426.read2.fasta
outfile: ITS.160426.R1_R2.nex
starting log: 03/05/16 02:32
concat
in filename: atpB1.160426.read1.fasta
in filename: atpB1.160426.read2.fasta
outfile: atpB1.160426.R1_R2.nex
starting log: 03/05/16 02:32
concat
in filename: atpB2.160426.read1.fasta
in filename: atpB2.160426.read2.fasta
outfile: atpB2.160426.R1_R2.nex
starting log: 03/05/16 02:32
concat
in filename: matK1.160426.read1.fasta
in filename: matK1.160426.read2.fasta
outfile: matK1.160426.R1_R2.nex
starting log: 03/05/16 02:32
concat
in filename: matK2.160426.read1.fasta
in filename: matK2.160426.read2.fasta
outfile: matK2.160426.R1_R2.nex
starting log: 03/05/16 02:32
concat
in filename: ndhF1.160426.read1.fasta
in filename: ndhF1.160426.read2.fasta
outfile: ndhF1.160426.R1_R2.nex
starting log: 03/05/16 02:32
concat
in filename: ndhF3.160426.read1.fasta
in filename: ndhF3.160426.read2.fasta
outfile: ndhF3.160426.R1_R2.nex
starting log: 03/05/16 02:32
concat
in filename: rbcL.160426.read1.fasta
in filename: rbcL.160426.read2.fasta
outfile: rbcL.160426.R1_R2.nex
starting log: 03/05/16 02:32
concat
in filename: trn_ab.160426.read1.fasta
in filename: trn_ab.160426.read2.fasta
outfile: trn_ab.160426.R1_R2.nex
starting log: 03/05/16 02:32
concat
in filename: trn_cf.160426.read1.fasta
in filename: trn_cf.160426.read2.fasta
outfile: trn_cf.160426.R1_R2.nex
starting log: 03/05/16 02:41
concat
in filename: ITS.160426.read1.fasta
in filename: ITS.160426.read2.fasta
outfile: ITS.160426.R1_R2.nex
starting log: 03/05/16 02:41
concat
in filename: atpB1.160426.read1.fasta
in filename: atpB1.160426.read2.fasta
outfile: atpB1.160426.R1_R2.nex
starting log: 03/05/16 02:41
concat
in filename: atpB2.160426.read1.fasta
in filename: atpB2.160426.read2.fasta
outfile: atpB2.160426.R1_R2.nex
starting log: 03/05/16 02:41
concat
in filename: matK1.160426.read1.fasta
in filename: matK1.160426.read2.fasta
outfile: matK1.160426.R1_R2.nex
starting log: 03/05/16 02:41
concat
in filename: matK2.160426.read1.fasta
in filename: matK2.160426.read2.fasta
outfile: matK2.160426.R1_R2.nex
starting log: 03/05/16 02:41
concat
in filename: ndhF1.160426.read1.fasta
in filename: ndhF1.160426.read2.fasta
outfile: ndhF1.160426.R1_R2.nex
starting log: 03/05/16 02:41
concat
in filename: ndhF2.160426.read1.fasta
in filename: ndhF2.160426.read2.fasta
outfile: ndhF2.160426.R1_R2.nex
starting log: 03/05/16 02:41
concat
in filename: ndhF3.160426.read1.fasta
in filename: ndhF3.160426.read2.fasta
outfile: ndhF3.160426.R1_R2.nex
starting log: 03/05/16 02:41
concat
in filename: rbcL.160426.read1.fasta
in filename: rbcL.160426.read2.fasta
outfile: rbcL.160426.R1_R2.nex
starting log: 03/05/16 02:41
concat
in filename: trn_ab.160426.read1.fasta
in filename: trn_ab.160426.read2.fasta
outfile: trn_ab.160426.R1_R2.nex
starting log: 03/05/16 02:41
concat
in filename: trn_cf.160426.read1.fasta
in filename: trn_cf.160426.read2.fasta
outfile: trn_cf.160426.R1_R2.nex
starting log: 10/05/16 01:46
concat
in filename: ITS.160510.read1.fasta
in filename: ITS.160510.read2.fasta
outfile: ITS.160510.read.R1_R2.nex
starting log: 10/05/16 01:51
concat
in filename: ITS.160510.read1.fasta
in filename: ITS.160510.read2.fasta
outfile: ITS.160510.read.R1_R2.nex
starting log: 10/05/16 01:59
concat
in filename: ITS.160510.read1.fasta
in filename: ITS.160510.read2.fasta
outfile: ITS.160510.read.R1_R2.nex
starting log: 10/05/16 01:59
concat
in filename: ITS.160510.read1.fasta
in filename: ITS.160510.read2.fasta
outfile: ITS.160510.read.R1_R2.nex
starting log: 10/05/16 02:00
concat
in filename: trn_cf.160510.read1.fasta
in filename: trn_cf.160510.read2.fasta
outfile: trn_cf.160510.R1_R2.nex
