starting log: 06/05/16 03:06
concat
in filename: atpB1.160426.R1_R2.aln.fasta
in filename: atpB2.160426.R1_R2_short.v2.aln.fasta
starting log: 06/05/16 03:18
concat
in filename: atpB1.160426.R1_R2.aln.fasta
in filename: atpB2.160426.R1_R2_short.v2.aln.fasta
starting log: 11/05/16 09:56
concat
in filename: atpB1.160426.R1_R2.aln.fasta
in filename: atpB2.160426.R1_R2_short.v3.aln.fasta
outfile: atpB.v3.aln.nex
starting log: 11/05/16 09:57
concat
in filename: atpB1.160426.R1_R2.aln.fasta
in filename: atpB2.160426.R1_R2_short.v3.aln.fasta
outfile: atpB.v3.aln.nex
starting log: 11/05/16 09:57
concat
in filename: atpB1.160426.R1_R2.aln.fasta
in filename: atpB2.160426.R1_R2_short.v3.aln.fasta
outfile: atpB.v3.aln.nex
starting log: 11/05/16 10:55
concat
in filename: atpB1.160426.R1_R2.aln.fasta
in filename: atpB2.160426.R1_R2_short.v3.aln.fasta
outfile: atpB.v3.aln.nex
