starting log: 23/01/19 04:25
concat
in filename: ITS.read1.fasta
in filename: ITS.read2.fasta
outfile: ITS.R1_R2.nex
starting log: 23/01/19 04:25
concat
in filename: atpB1.read1.fasta
in filename: atpB1.read2.fasta
outfile: atpB1.R1_R2.nex
starting log: 23/01/19 04:25
concat
in filename: atpB2.read1.fasta
in filename: atpB2.read2.fasta
outfile: atpB2.R1_R2.nex
starting log: 23/01/19 04:25
concat
in filename: matK1.read1.fasta
in filename: matK1.read2.fasta
outfile: matK1.R1_R2.nex
starting log: 23/01/19 04:25
concat
in filename: matK2.read1.fasta
in filename: matK2.read2.fasta
outfile: matK2.R1_R2.nex
starting log: 23/01/19 04:25
concat
in filename: ndhF1.read1.fasta
in filename: ndhF1.read2.fasta
outfile: ndhF1.R1_R2.nex
starting log: 23/01/19 04:25
concat
in filename: ndhF3.read1.fasta
in filename: ndhF3.read2.fasta
outfile: ndhF3.R1_R2.nex
starting log: 23/01/19 04:25
concat
in filename: rbcL.read1.fasta
in filename: rbcL.read2.fasta
outfile: rbcL.R1_R2.nex
starting log: 23/01/19 04:25
concat
in filename: trn_ab.read1.fasta
in filename: trn_ab.read2.fasta
outfile: trn_ab.R1_R2.nex
starting log: 23/01/19 04:25
concat
in filename: trn_cf.read1.fasta
in filename: trn_cf.read2.fasta
outfile: trn_cf.R1_R2.nex
starting log: 23/01/19 04:32
concat
in filename: ITS.read1.fasta
in filename: ITS.read2.fasta
outfile: ITS.R1_R2.nex
starting log: 23/01/19 04:32
concat
in filename: atpB1.read1.fasta
in filename: atpB1.read2.fasta
outfile: atpB1.R1_R2.nex
starting log: 23/01/19 04:32
concat
in filename: atpB2.read1.fasta
in filename: atpB2.read2.fasta
outfile: atpB2.R1_R2.nex
starting log: 23/01/19 04:32
concat
in filename: matK1.read1.fasta
in filename: matK1.read2.fasta
outfile: matK1.R1_R2.nex
starting log: 23/01/19 04:32
concat
in filename: matK2.read1.fasta
in filename: matK2.read2.fasta
outfile: matK2.R1_R2.nex
starting log: 23/01/19 04:32
concat
in filename: ndhF1.read1.fasta
in filename: ndhF1.read2.fasta
outfile: ndhF1.R1_R2.nex
starting log: 23/01/19 04:32
concat
in filename: ndhF3.read1.fasta
in filename: ndhF3.read2.fasta
outfile: ndhF3.R1_R2.nex
starting log: 23/01/19 04:32
concat
in filename: rbcL.read1.fasta
in filename: rbcL.read2.fasta
outfile: rbcL.R1_R2.nex
starting log: 23/01/19 04:32
concat
in filename: trn_ab.read1.fasta
in filename: trn_ab.read2.fasta
outfile: trn_ab.R1_R2.nex
starting log: 23/01/19 04:32
concat
in filename: trn_cf.read1.fasta
in filename: trn_cf.read2.fasta
outfile: trn_cf.R1_R2.nex
