starting log: 11/04/19 06:52
concat
in filename: ndhF1_R1.EU385205.aln.fasta
in filename: ndhF1_R2.EU385205.aln.fasta
in filename: ndhF2_merged.EU385205.aln.fasta
in filename: ndhF3_R1.EU385205.aln.fasta
in filename: ndhF3_R2.EU385205.aln.fasta
outfile: ndhF.miseq.aln.nex
starting log: 11/04/19 07:26
concat
in filename: ndhF1_R1.EU385205.aln.fasta
in filename: ndhF1_R2.EU385205.aln.fasta
in filename: ndhF2_merged.EU385205.aln.fasta
in filename: ndhF3_R1.EU385205.aln.fasta
in filename: ndhF3_R2.EU385205.aln.fasta
outfile: ndhF.miseq.aln.nex
starting log: 11/04/19 07:36
concat
in filename: ndhF1_R1.EU385205.aln.fasta
in filename: ndhF1_R2.EU385205.aln.fasta
in filename: ndhF2_merged.EU385205.aln.fasta
in filename: ndhF3_R1.EU385205.realigned.fasta
in filename: ndhF3_R2.EU385205.aln.fasta
outfile: ndhF.miseq.aln.nex
