starting log: 06/05/16 03:27
concat
in filename: trn_ab.160426.cat.v3.aln.fasta
in filename: trn_cf.160426.R1_R2.v2.aln.fasta
starting log: 06/05/16 03:58
concat
in filename: trn_ab.160426.cat.v3.aln.fasta
in filename: trn_cf.160426.R1_R2.v2.aln.fasta
starting log: 10/05/16 03:08
concat
in filename: trn_ab.160426.cat.v3.aln.fasta
in filename: trn_cf.160510.R1_R2.v2.aln.fasta
outfile: trnTLF.160510.aln.nex
starting log: 11/05/16 10:26
concat
in filename: trn_ab.160426.cat.v3.aln.fasta
in filename: trn_cf.160510.R1_R2.v3.aln.fasta
outfile: trnTLF.160510.v2.aln.nex
starting log: 11/05/16 10:29
concat
in filename: trn_ab.160426.cat.v3.aln.fasta
in filename: trn_cf.160510.R1_R2.v3.aln.fasta
outfile: trnTLF.160510.v2.aln.nex
starting log: 11/05/16 10:50
concat
in filename: trn_ab.160426.cat.v3.aln.fasta
in filename: trn_cf.160510.R1_R2.v3.aln.fasta
outfile: trnTLF.160510.v2.aln.nex
starting log: 11/05/16 11:17
concat
in filename: trn_ab.160426.cat.v3.aln.fasta
in filename: trn_cf.160510.R1_R2.v3.aln.fasta
outfile: trnTLF.160510.v2.aln.nex
