starting log: 02/05/16 10:59
clean
cleannum: 0.5
in filename: ITS.unique.fasta
outfile: ITS.unique.fasta.clean
starting log: 02/05/16 10:59
clean
cleannum: 0.5
in filename: atpB.unique.fasta
outfile: atpB.unique.fasta.clean
starting log: 02/05/16 10:59
clean
cleannum: 0.5
in filename: matK.unique.fasta
outfile: matK.unique.fasta.clean
starting log: 02/05/16 10:59
clean
cleannum: 0.5
in filename: ndhF.unique.fasta
outfile: ndhF.unique.fasta.clean
starting log: 02/05/16 10:59
clean
cleannum: 0.5
in filename: rbcL.unique.fasta
outfile: rbcL.unique.fasta.clean
starting log: 06/05/16 06:36
clean
cleannum: 0.5
in filename: trnTLF.unique.fasta
outfile: trnTLF.unique.fasta.clean
starting log: 06/05/16 06:37
concat
outfile: sawtooth.phlawdALN.clean.concat.nex
starting log: 06/05/16 06:38
concat
in filename: ITS.unique.fasta.clean
in filename: matK.unique.fasta.clean
in filename: rbcL.unique.fasta.clean
in filename: atpB.unique.fasta.clean
in filename: ndhF.unique.fasta.clean
in filename: trnTLF.unique.fasta.clean
outfile: sawtooth.phlawdALN.clean.concat.nex
