starting log: 12/04/19 04:56
clean
cleannum: 0.5
in filename: atpB.total.rem.rename.aln.fasta
outfile: atpB.total.rem.rename.aln.clean.fasta
starting log: 18/04/19 02:46
clean
cleannum: 0.5
in filename: atpB.total.rem.rename.aln.fasta
outfile: atpB.total.rem.rename.aln.clean.fasta
starting log: 18/04/19 02:50
clean
cleannum: 0.5
in filename: atpB.total.rem.rename.aln.fasta
outfile: atpB.total.rem.rename.aln.clean.fasta
starting log: 19/04/19 01:58
clean
cleannum: 0.5
in filename: atpB.total.rem.rename.aln.fasta
outfile: atpB.total.rem.rename.aln.clean.fasta
starting log: 19/04/19 02:34
clean
cleannum: 0.5
in filename: atpB.total.rem.rename.aln.fasta
outfile: atpB.total.rem.rename.aln.clean.fasta
starting log: 19/04/19 03:01
clean
cleannum: 0.5
in filename: atpB.total.rem.rename.aln.fasta
outfile: atpB.total.rem.rename.aln.clean.fasta
starting log: 19/04/19 06:26
clean
cleannum: 0.5
in filename: atpB.total.rem.rename.aln.fasta
outfile: atpB.total.rem.rename.aln.clean.fasta
starting log: 20/04/19 10:09
clean
cleannum: 0.5
in filename: atpB.total.rem.rename.aln.fasta
outfile: atpB.total.rem.rename.aln.clean.fasta
