starting log: 06/05/16 03:42
concat
in filename: ITS.aln.nex
in filename: matK.v2.aln.nex
in filename: rbcL.aln.nex
in filename: ndhF.v2.aln.nex
in filename: trn.v2.aln.nex
outfile: sawtooth.160506.concat.nex
starting log: 06/05/16 03:51
concat
in filename: ITS.aln.nex
in filename: matK.v2.aln.nex
in filename: rbcL.aln.nex
in filename: atpB.v2.aln.nex
in filename: ndhF.v2.aln.nex
in filename: trn.v2.aln.nex
outfile: sawtooth.160506.concat.nex
starting log: 06/05/16 04:00
concat
in filename: ITS.aln.nex
in filename: matK.v2.aln.nex
in filename: rbcL.aln.nex
in filename: atpB.v2.aln.nex
in filename: ndhF.v2.aln.nex
in filename: trn.v2.aln.nex
outfile: sawtooth.160506.concat.nex
starting log: 10/05/16 03:21
concat
in filename: ITS.160510.aln.nex
in filename: matK.v2.aln.nex
in filename: rbcL.aln.nex
in filename: atpB.v2.aln.nex
in filename: ndhF.v2.aln.nex
in filename: trnTLF.160510.aln.nex
outfile: sawtooth.160510.concat.nex
starting log: 10/05/16 03:29
concat
in filename: ITS.160510.aln.nex
in filename: matK.v2.aln.nex
in filename: rbcL.aln.nex
in filename: atpB.v2.aln.nex
in filename: ndhF.v2.aln.nex
in filename: trnTLF.160510.aln.nex
outfile: sawtooth.160510.concat.nex
starting log: 11/05/16 10:39
concat
in filename: ITS.160510.v2.aln.nex
in filename: matK.v3.aln.nex
in filename: rbcL.aln.nex
in filename: atpB.v3.aln.nex
in filename: ndhF.v3.aln.nex
in filename: trnTLF.160510.v2.aln.nex
outfile: sawtooth.160511.concat.nex
starting log: 11/05/16 10:51
concat
in filename: ITS.160510.v2.aln.nex
in filename: matK.v3.aln.nex
in filename: rbcL.aln.nex
in filename: atpB.v3.aln.nex
in filename: ndhF.v3.aln.nex
in filename: trnTLF.160510.v2.aln.nex
outfile: sawtooth.160511.concat.nex
starting log: 11/05/16 11:12
concat
in filename: ITS.160510.v2.aln.nex
in filename: matK.v3.aln.nex
in filename: rbcL.aln.nex
in filename: atpB.v3.aln.nex
in filename: ndhF.v3.aln.nex
in filename: trnTLF.160510.v2.aln.nex
outfile: sawtooth.160511.concat.nex
starting log: 11/05/16 11:18
concat
in filename: ITS.160510.v2.aln.nex
in filename: matK.v3.aln.nex
in filename: rbcL.aln.nex
in filename: atpB.v3.aln.nex
in filename: ndhF.v3.aln.nex
in filename: trnTLF.160510.v2.aln.nex
outfile: sawtooth.160511.concat.nex
starting log: 11/05/16 11:25
concat
in filename: ITS.160510.v2.aln.nex
in filename: matK.v3.aln.nex
in filename: rbcL.aln.nex
in filename: atpB.v3.aln.nex
in filename: ndhF.v3.aln.nex
in filename: trnTLF.160510.v2.aln.nex
outfile: sawtooth.160511.concat.nex
